# JRE version: OpenJDK Runtime Environment (8.0_442-b06) (build 1.8.0_442-b06)
# Java VM: OpenJDK 64-Bit Server VM (25.442-b06 mixed mode windows-amd64 compressed oops)
Heap:
 PSYoungGen      total 228352K, used 139249K [0x000000076bd80000, 0x0000000784180000, 0x00000007c0000000)
  eden space 213504K, 59% used [0x000000076bd80000,0x0000000773a07970,0x0000000778e00000)
  from space 14848K, 79% used [0x0000000778e00000,0x0000000779974ad8,0x0000000779c80000)
  to   space 15872K, 0% used [0x0000000783200000,0x0000000783200000,0x0000000784180000)
 ParOldGen       total 109056K, used 13894K [0x00000006c3800000, 0x00000006ca280000, 0x000000076bd80000)
  object space 109056K, 12% used [0x00000006c3800000,0x00000006c4591a50,0x00000006ca280000)
 Metaspace       used 51125K, capacity 54990K, committed 55168K, reserved 1097728K
  class space    used 6566K, capacity 7236K, committed 7296K, reserved 1048576K
GC Heap History (10 events):
Event: 1.976 GC heap before
{Heap before GC invocations=5 (full 1):
 PSYoungGen      total 75776K, used 65024K [0x000000076bd80000, 0x0000000775180000, 0x00000007c0000000)
  eden space 65024K, 100% used [0x000000076bd80000,0x000000076fd00000,0x000000076fd00000)
  from space 10752K, 0% used [0x000000076fd00000,0x000000076fd00000,0x0000000770780000)
  to   space 10752K, 0% used [0x0000000774700000,0x0000000774700000,0x0000000775180000)
 ParOldGen       total 80896K, used 6213K [0x00000006c3800000, 0x00000006c8700000, 0x000000076bd80000)
  object space 80896K, 7% used [0x00000006c3800000,0x00000006c3e11560,0x00000006c8700000)
 Metaspace       used 23318K, capacity 24352K, committed 24576K, reserved 1071104K
  class space    used 2993K, capacity 3236K, committed 3328K, reserved 1048576K
Event: 1.980 GC heap after
Heap after GC invocations=5 (full 1):
 PSYoungGen      total 124928K, used 6017K [0x000000076bd80000, 0x0000000774d00000, 0x00000007c0000000)
  eden space 118784K, 0% used [0x000000076bd80000,0x000000076bd80000,0x0000000773180000)
  from space 6144K, 97% used [0x0000000774700000,0x0000000774ce06c0,0x0000000774d00000)
  to   space 10752K, 0% used [0x0000000773800000,0x0000000773800000,0x0000000774280000)
 ParOldGen       total 80896K, used 6221K [0x00000006c3800000, 0x00000006c8700000, 0x000000076bd80000)
  object space 80896K, 7% used [0x00000006c3800000,0x00000006c3e13560,0x00000006c8700000)
 Metaspace       used 23318K, capacity 24352K, committed 24576K, reserved 1071104K
  class space    used 2993K, capacity 3236K, committed 3328K, reserved 1048576K
}
Event: 3.375 GC heap before
{Heap before GC invocations=6 (full 1):
 PSYoungGen      total 124928K, used 124801K [0x000000076bd80000, 0x0000000774d00000, 0x00000007c0000000)
  eden space 118784K, 100% used [0x000000076bd80000,0x0000000773180000,0x0000000773180000)
  from space 6144K, 97% used [0x0000000774700000,0x0000000774ce06c0,0x0000000774d00000)
  to   space 10752K, 0% used [0x0000000773800000,0x0000000773800000,0x0000000774280000)
 ParOldGen       total 80896K, used 6221K [0x00000006c3800000, 0x00000006c8700000, 0x000000076bd80000)
  object space 80896K, 7% used [0x00000006c3800000,0x00000006c3e13560,0x00000006c8700000)
 Metaspace       used 32543K, capacity 34428K, committed 34688K, reserved 1079296K
  class space    used 4287K, capacity 4660K, committed 4736K, reserved 1048576K
Event: 3.384 GC heap after
Heap after GC invocations=6 (full 1):
 PSYoungGen      total 136192K, used 10723K [0x000000076bd80000, 0x000000077ac00000, 0x00000007c0000000)
  eden space 125440K, 0% used [0x000000076bd80000,0x000000076bd80000,0x0000000773800000)
  from space 10752K, 99% used [0x0000000773800000,0x0000000774278ec8,0x0000000774280000)
  to   space 15872K, 0% used [0x0000000779c80000,0x0000000779c80000,0x000000077ac00000)
 ParOldGen       total 80896K, used 10350K [0x00000006c3800000, 0x00000006c8700000, 0x000000076bd80000)
  object space 80896K, 12% used [0x00000006c3800000,0x00000006c421bb48,0x00000006c8700000)
 Metaspace       used 32543K, capacity 34428K, committed 34688K, reserved 1079296K
  class space    used 4287K, capacity 4660K, committed 4736K, reserved 1048576K
}
Event: 3.494 GC heap before
{Heap before GC invocations=7 (full 1):
 PSYoungGen      total 136192K, used 23263K [0x000000076bd80000, 0x000000077ac00000, 0x00000007c0000000)
  eden space 125440K, 9% used [0x000000076bd80000,0x000000076c9beef0,0x0000000773800000)
  from space 10752K, 99% used [0x0000000773800000,0x0000000774278ec8,0x0000000774280000)
  to   space 15872K, 0% used [0x0000000779c80000,0x0000000779c80000,0x000000077ac00000)
 ParOldGen       total 80896K, used 10350K [0x00000006c3800000, 0x00000006c8700000, 0x000000076bd80000)
  object space 80896K, 12% used [0x00000006c3800000,0x00000006c421bb48,0x00000006c8700000)
 Metaspace       used 33305K, capacity 35290K, committed 35416K, reserved 1079296K
  class space    used 4394K, capacity 4783K, committed 4864K, reserved 1048576K
Event: 3.500 GC heap after
Heap after GC invocations=7 (full 1):
 PSYoungGen      total 229376K, used 8353K [0x000000076bd80000, 0x000000077b580000, 0x00000007c0000000)
  eden space 213504K, 0% used [0x000000076bd80000,0x000000076bd80000,0x0000000778e00000)
  from space 15872K, 52% used [0x0000000779c80000,0x000000077a4a85a0,0x000000077ac00000)
  to   space 14848K, 0% used [0x0000000778e00000,0x0000000778e00000,0x0000000779c80000)
 ParOldGen       total 80896K, used 10358K [0x00000006c3800000, 0x00000006c8700000, 0x000000076bd80000)
  object space 80896K, 12% used [0x00000006c3800000,0x00000006c421db48,0x00000006c8700000)
 Metaspace       used 33305K, capacity 35290K, committed 35416K, reserved 1079296K
  class space    used 4394K, capacity 4783K, committed 4864K, reserved 1048576K
}
Event: 3.500 GC heap before
{Heap before GC invocations=8 (full 2):
 PSYoungGen      total 229376K, used 8353K [0x000000076bd80000, 0x000000077b580000, 0x00000007c0000000)
  eden space 213504K, 0% used [0x000000076bd80000,0x000000076bd80000,0x0000000778e00000)
  from space 15872K, 52% used [0x0000000779c80000,0x000000077a4a85a0,0x000000077ac00000)
  to   space 14848K, 0% used [0x0000000778e00000,0x0000000778e00000,0x0000000779c80000)
 ParOldGen       total 80896K, used 10358K [0x00000006c3800000, 0x00000006c8700000, 0x000000076bd80000)
  object space 80896K, 12% used [0x00000006c3800000,0x00000006c421db48,0x00000006c8700000)
 Metaspace       used 33305K, capacity 35290K, committed 35416K, reserved 1079296K
  class space    used 4394K, capacity 4783K, committed 4864K, reserved 1048576K
Event: 3.535 GC heap after
Heap after GC invocations=8 (full 2):
 PSYoungGen      total 229376K, used 0K [0x000000076bd80000, 0x000000077b580000, 0x00000007c0000000)
  eden space 213504K, 0% used [0x000000076bd80000,0x000000076bd80000,0x0000000778e00000)
  from space 15872K, 0% used [0x0000000779c80000,0x0000000779c80000,0x000000077ac00000)
  to   space 14848K, 0% used [0x0000000778e00000,0x0000000778e00000,0x0000000779c80000)
 ParOldGen       total 109056K, used 13814K [0x00000006c3800000, 0x00000006ca280000, 0x000000076bd80000)
  object space 109056K, 12% used [0x00000006c3800000,0x00000006c457da40,0x00000006ca280000)
 Metaspace       used 33305K, capacity 35290K, committed 35416K, reserved 1079296K
  class space    used 4394K, capacity 4783K, committed 4864K, reserved 1048576K
}
Event: 20.227 GC heap before
{Heap before GC invocations=9 (full 2):
 PSYoungGen      total 229376K, used 213504K [0x000000076bd80000, 0x000000077b580000, 0x00000007c0000000)
  eden space 213504K, 100% used [0x000000076bd80000,0x0000000778e00000,0x0000000778e00000)
  from space 15872K, 0% used [0x0000000779c80000,0x0000000779c80000,0x000000077ac00000)
  to   space 14848K, 0% used [0x0000000778e00000,0x0000000778e00000,0x0000000779c80000)
 ParOldGen       total 109056K, used 13814K [0x00000006c3800000, 0x00000006ca280000, 0x000000076bd80000)
  object space 109056K, 12% used [0x00000006c3800000,0x00000006c457da40,0x00000006ca280000)
 Metaspace       used 41316K, capacity 43928K, committed 44032K, reserved 1087488K
  class space    used 5413K, capacity 5879K, committed 5888K, reserved 1048576K
Event: 20.248 GC heap after
Heap after GC invocations=9 (full 2):
 PSYoungGen      total 228352K, used 11730K [0x000000076bd80000, 0x0000000784180000, 0x00000007c0000000)
  eden space 213504K, 0% used [0x000000076bd80000,0x000000076bd80000,0x0000000778e00000)
  from space 14848K, 79% used [0x0000000778e00000,0x0000000779974ad8,0x0000000779c80000)
  to   space 15872K, 0% used [0x0000000783200000,0x0000000783200000,0x0000000784180000)
 ParOldGen       total 109056K, used 13894K [0x00000006c3800000, 0x00000006ca280000, 0x000000076bd80000)
  object space 109056K, 12% used [0x00000006c3800000,0x00000006c4591a50,0x00000006ca280000)
 Metaspace       used 41316K, capacity 43928K, committed 44032K, reserved 1087488K
  class space    used 5413K, capacity 5879K, committed 5888K, reserved 1048576K
}

